<?xml version="1.0" encoding="UTF-8"?>
<!-- Generated by org.testng.reporters.JUnitReportReporter -->
<testsuite hostname="DESKTOP-HU32N3R" failures="0" tests="2" name="com.mindtree.Runner.TestRunner2" time="27.618" errors="0" timestamp="2021-11-06T19:46:16 IST" skipped="0">
  <testcase classname="com.mindtree.Runner.TestRunner2" name="runScenario" time="13.790"/>
  <system-out/>
  <testcase classname="com.mindtree.Runner.TestRunner2" name="runScenario" time="13.828"/>
  <system-out/>
</testsuite> <!-- com.mindtree.Runner.TestRunner2 -->
