<?xml version="1.0" encoding="UTF-8"?>
<!-- Generated by org.testng.reporters.JUnitReportReporter -->
<testsuite hostname="DESKTOP-HU32N3R" failures="0" tests="1" name="com.mindtree.Runner.TestRunner" time="10.559" errors="0" timestamp="2021-11-06T19:46:16 IST" skipped="0">
  <testcase classname="com.mindtree.Runner.TestRunner" name="runScenario" time="10.559"/>
  <system-out/>
</testsuite> <!-- com.mindtree.Runner.TestRunner -->
