<?xml version="1.0" encoding="UTF-8"?>
<!-- Generated by org.testng.reporters.JUnitReportReporter -->
<testsuite skipped="0" hostname="DESKTOP-HU32N3R" name="com.mindtree.Runner.TestRunner2" tests="2" failures="0" timestamp="2021-11-06T19:35:14 IST" time="29.743" errors="0">
  <testcase name="runScenario" time="14.276" classname="com.mindtree.Runner.TestRunner2"/>
  <system-out/>
  <testcase name="runScenario" time="15.467" classname="com.mindtree.Runner.TestRunner2"/>
  <system-out/>
</testsuite> <!-- com.mindtree.Runner.TestRunner2 -->
