<?xml version="1.0" encoding="UTF-8"?>
<!-- Generated by org.testng.reporters.JUnitReportReporter -->
<testsuite skipped="0" hostname="DESKTOP-HU32N3R" name="com.mindtree.Runner.TestRunner" tests="1" failures="0" timestamp="2021-11-06T19:35:14 IST" time="19.371" errors="0">
  <testcase name="runScenario" time="19.371" classname="com.mindtree.Runner.TestRunner"/>
  <system-out/>
</testsuite> <!-- com.mindtree.Runner.TestRunner -->
